# JRE version: OpenJDK Runtime Environment 18.9 (11.0.15+10) (build 11.0.15+10)
# Java VM: OpenJDK 64-Bit Server VM 18.9 (11.0.15+10, mixed mode, tiered, compressed oops, g1 gc, windows-amd64)
Heap:
 garbage-first heap   total 307200K, used 223353K [0x0000000080000000, 0x0000000100000000)
  region size 1024K, 11 young (11264K), 3 survivors (3072K)
 Metaspace       used 128395K, capacity 133734K, committed 133936K, reserved 632832K
  class space    used 16291K, capacity 18296K, committed 18304K, reserved 516096K
GC Heap History (20 events):
Event: 617.468 GC heap before
{Heap before GC invocations=133 (full 0):
 garbage-first heap   total 256000K, used 224370K [0x0000000080000000, 0x0000000100000000)
  region size 1024K, 13 young (13312K), 2 survivors (2048K)
 Metaspace       used 127710K, capacity 132948K, committed 133168K, reserved 632832K
  class space    used 16228K, capacity 18182K, committed 18304K, reserved 516096K
}
Event: 617.477 GC heap after
{Heap after GC invocations=134 (full 0):
 garbage-first heap   total 256000K, used 213883K [0x0000000080000000, 0x0000000100000000)
  region size 1024K, 1 young (1024K), 1 survivors (1024K)
 Metaspace       used 127710K, capacity 132948K, committed 133168K, reserved 632832K
  class space    used 16228K, capacity 18182K, committed 18304K, reserved 516096K
}
Event: 617.985 GC heap before
{Heap before GC invocations=134 (full 0):
 garbage-first heap   total 256000K, used 225147K [0x0000000080000000, 0x0000000100000000)
  region size 1024K, 12 young (12288K), 1 survivors (1024K)
 Metaspace       used 127854K, capacity 133213K, committed 133424K, reserved 632832K
  class space    used 16244K, capacity 18242K, committed 18304K, reserved 516096K
}
Event: 617.995 GC heap after
{Heap after GC invocations=135 (full 0):
 garbage-first heap   total 256000K, used 213686K [0x0000000080000000, 0x0000000100000000)
  region size 1024K, 2 young (2048K), 2 survivors (2048K)
 Metaspace       used 127854K, capacity 133213K, committed 133424K, reserved 632832K
  class space    used 16244K, capacity 18242K, committed 18304K, reserved 516096K
}
Event: 618.162 GC heap before
{Heap before GC invocations=135 (full 0):
 garbage-first heap   total 256000K, used 224950K [0x0000000080000000, 0x0000000100000000)
  region size 1024K, 13 young (13312K), 2 survivors (2048K)
 Metaspace       used 127884K, capacity 133243K, committed 133424K, reserved 632832K
  class space    used 16250K, capacity 18252K, committed 18304K, reserved 516096K
}
Event: 618.170 GC heap after
{Heap after GC invocations=136 (full 0):
 garbage-first heap   total 256000K, used 214376K [0x0000000080000000, 0x0000000100000000)
  region size 1024K, 2 young (2048K), 2 survivors (2048K)
 Metaspace       used 127884K, capacity 133243K, committed 133424K, reserved 632832K
  class space    used 16250K, capacity 18252K, committed 18304K, reserved 516096K
}
Event: 618.534 GC heap before
{Heap before GC invocations=136 (full 0):
 garbage-first heap   total 256000K, used 225640K [0x0000000080000000, 0x0000000100000000)
  region size 1024K, 13 young (13312K), 2 survivors (2048K)
 Metaspace       used 127941K, capacity 133323K, committed 133424K, reserved 632832K
  class space    used 16261K, capacity 18273K, committed 18304K, reserved 516096K
}
Event: 618.540 GC heap after
{Heap after GC invocations=137 (full 0):
 garbage-first heap   total 256000K, used 214923K [0x0000000080000000, 0x0000000100000000)
  region size 1024K, 2 young (2048K), 2 survivors (2048K)
 Metaspace       used 127941K, capacity 133323K, committed 133424K, reserved 632832K
  class space    used 16261K, capacity 18273K, committed 18304K, reserved 516096K
}
Event: 618.863 GC heap before
{Heap before GC invocations=137 (full 0):
 garbage-first heap   total 256000K, used 225163K [0x0000000080000000, 0x0000000100000000)
  region size 1024K, 12 young (12288K), 2 survivors (2048K)
 Metaspace       used 127966K, capacity 133351K, committed 133424K, reserved 632832K
  class space    used 16264K, capacity 18279K, committed 18304K, reserved 516096K
}
Event: 618.872 GC heap after
{Heap after GC invocations=138 (full 0):
 garbage-first heap   total 256000K, used 215293K [0x0000000080000000, 0x0000000100000000)
  region size 1024K, 1 young (1024K), 1 survivors (1024K)
 Metaspace       used 127966K, capacity 133351K, committed 133424K, reserved 632832K
  class space    used 16264K, capacity 18279K, committed 18304K, reserved 516096K
}
Event: 619.194 GC heap before
{Heap before GC invocations=139 (full 0):
 garbage-first heap   total 256000K, used 226557K [0x0000000080000000, 0x0000000100000000)
  region size 1024K, 12 young (12288K), 1 survivors (1024K)
 Metaspace       used 128003K, capacity 133488K, committed 133680K, reserved 632832K
  class space    used 16265K, capacity 18281K, committed 18304K, reserved 516096K
}
Event: 619.202 GC heap after
{Heap after GC invocations=140 (full 0):
 garbage-first heap   total 256000K, used 215838K [0x0000000080000000, 0x0000000100000000)
  region size 1024K, 2 young (2048K), 2 survivors (2048K)
 Metaspace       used 128003K, capacity 133488K, committed 133680K, reserved 632832K
  class space    used 16265K, capacity 18281K, committed 18304K, reserved 516096K
}
Event: 619.351 GC heap before
{Heap before GC invocations=140 (full 0):
 garbage-first heap   total 256000K, used 226078K [0x0000000080000000, 0x0000000100000000)
  region size 1024K, 12 young (12288K), 2 survivors (2048K)
 Metaspace       used 128010K, capacity 133488K, committed 133680K, reserved 632832K
  class space    used 16265K, capacity 18281K, committed 18304K, reserved 516096K
}
Event: 619.364 GC heap after
{Heap after GC invocations=141 (full 0):
 garbage-first heap   total 256000K, used 214485K [0x0000000080000000, 0x0000000100000000)
  region size 1024K, 2 young (2048K), 2 survivors (2048K)
 Metaspace       used 128010K, capacity 133488K, committed 133680K, reserved 632832K
  class space    used 16265K, capacity 18281K, committed 18304K, reserved 516096K
}
Event: 619.508 GC heap before
{Heap before GC invocations=141 (full 0):
 garbage-first heap   total 256000K, used 224725K [0x0000000080000000, 0x0000000100000000)
  region size 1024K, 12 young (12288K), 2 survivors (2048K)
 Metaspace       used 128013K, capacity 133488K, committed 133680K, reserved 632832K
  class space    used 16265K, capacity 18281K, committed 18304K, reserved 516096K
}
Event: 619.520 GC heap after
{Heap after GC invocations=142 (full 0):
 garbage-first heap   total 307200K, used 215016K [0x0000000080000000, 0x0000000100000000)
  region size 1024K, 2 young (2048K), 2 survivors (2048K)
 Metaspace       used 128013K, capacity 133488K, committed 133680K, reserved 632832K
  class space    used 16265K, capacity 18281K, committed 18304K, reserved 516096K
}
Event: 1135.183 GC heap before
{Heap before GC invocations=143 (full 0):
 garbage-first heap   total 307200K, used 245736K [0x0000000080000000, 0x0000000100000000)
  region size 1024K, 32 young (32768K), 2 survivors (2048K)
 Metaspace       used 128270K, capacity 133669K, committed 133680K, reserved 632832K
  class space    used 16291K, capacity 18296K, committed 18304K, reserved 516096K
}
Event: 1135.189 GC heap after
{Heap after GC invocations=144 (full 0):
 garbage-first heap   total 307200K, used 215484K [0x0000000080000000, 0x0000000100000000)
  region size 1024K, 2 young (2048K), 2 survivors (2048K)
 Metaspace       used 128270K, capacity 133669K, committed 133680K, reserved 632832K
  class space    used 16291K, capacity 18296K, committed 18304K, reserved 516096K
}
Event: 2599.874 GC heap before
{Heap before GC invocations=144 (full 0):
 garbage-first heap   total 307200K, used 248252K [0x0000000080000000, 0x0000000100000000)
  region size 1024K, 35 young (35840K), 2 survivors (2048K)
 Metaspace       used 128373K, capacity 133734K, committed 133936K, reserved 632832K
  class space    used 16291K, capacity 18296K, committed 18304K, reserved 516096K
}
Event: 2599.894 GC heap after
{Heap after GC invocations=145 (full 0):
 garbage-first heap   total 307200K, used 216185K [0x0000000080000000, 0x0000000100000000)
  region size 1024K, 3 young (3072K), 3 survivors (3072K)
 Metaspace       used 128373K, capacity 133734K, committed 133936K, reserved 632832K
  class space    used 16291K, capacity 18296K, committed 18304K, reserved 516096K
}

